{"/home/bocajbee/linkedListsPractice/jsLinkedLists/linked-lists/linkedList.js": {"path":"/home/bocajbee/linkedListsPractice/jsLinkedLists/linked-lists/linkedList.js","statementMap":{"0":{"start":{"line":4,"column":4},"end":{"line":4,"column":23}},"1":{"start":{"line":5,"column":4},"end":{"line":5,"column":21}},"2":{"start":{"line":14,"column":4},"end":{"line":14,"column":21}},"3":{"start":{"line":15,"column":4},"end":{"line":15,"column":20}},"4":{"start":{"line":20,"column":4},"end":{"line":20,"column":52}},"5":{"start":{"line":21,"column":4},"end":{"line":21,"column":18}},"6":{"start":{"line":28,"column":4},"end":{"line":30,"column":5}},"7":{"start":{"line":29,"column":6},"end":{"line":29,"column":18}},"8":{"start":{"line":32,"column":18},"end":{"line":32,"column":27}},"9":{"start":{"line":33,"column":4},"end":{"line":35,"column":5}},"10":{"start":{"line":33,"column":17},"end":{"line":33,"column":18}},"11":{"start":{"line":34,"column":6},"end":{"line":34,"column":29}},"12":{"start":{"line":37,"column":4},"end":{"line":37,"column":19}},"13":{"start":{"line":42,"column":18},"end":{"line":42,"column":27}},"14":{"start":{"line":43,"column":4},"end":{"line":45,"column":5}},"15":{"start":{"line":43,"column":17},"end":{"line":43,"column":18}},"16":{"start":{"line":44,"column":6},"end":{"line":44,"column":29}},"17":{"start":{"line":47,"column":4},"end":{"line":47,"column":40}},"18":{"start":{"line":52,"column":18},"end":{"line":52,"column":27}},"19":{"start":{"line":53,"column":4},"end":{"line":55,"column":5}},"20":{"start":{"line":53,"column":17},"end":{"line":53,"column":18}},"21":{"start":{"line":54,"column":6},"end":{"line":54,"column":29}},"22":{"start":{"line":57,"column":4},"end":{"line":57,"column":35}},"23":{"start":{"line":62,"column":4},"end":{"line":71,"column":5}},"24":{"start":{"line":63,"column":6},"end":{"line":63,"column":18}},"25":{"start":{"line":64,"column":11},"end":{"line":71,"column":5}},"26":{"start":{"line":65,"column":6},"end":{"line":65,"column":31}},"27":{"start":{"line":67,"column":30},"end":{"line":67,"column":61}},"28":{"start":{"line":68,"column":6},"end":{"line":68,"column":58}},"29":{"start":{"line":69,"column":6},"end":{"line":69,"column":58}},"30":{"start":{"line":70,"column":6},"end":{"line":70,"column":20}},"31":{"start":{"line":76,"column":17},"end":{"line":76,"column":19}},"32":{"start":{"line":77,"column":18},"end":{"line":77,"column":27}},"33":{"start":{"line":79,"column":4},"end":{"line":82,"column":5}},"34":{"start":{"line":80,"column":6},"end":{"line":80,"column":46}},"35":{"start":{"line":81,"column":6},"end":{"line":81,"column":29}},"36":{"start":{"line":83,"column":4},"end":{"line":83,"column":33}},"37":{"start":{"line":88,"column":0},"end":{"line":94,"column":1}},"38":{"start":{"line":89,"column":21},"end":{"line":89,"column":37}},"39":{"start":{"line":90,"column":2},"end":{"line":92,"column":3}},"40":{"start":{"line":90,"column":15},"end":{"line":90,"column":32}},"41":{"start":{"line":91,"column":4},"end":{"line":91,"column":39}},"42":{"start":{"line":93,"column":2},"end":{"line":93,"column":20}},"43":{"start":{"line":96,"column":0},"end":{"line":96,"column":28}}},"fnMap":{"0":{"name":"(anonymous_0)","decl":{"start":{"line":3,"column":2},"end":{"line":3,"column":3}},"loc":{"start":{"line":3,"column":27},"end":{"line":6,"column":3}},"line":3},"1":{"name":"(anonymous_1)","decl":{"start":{"line":13,"column":2},"end":{"line":13,"column":3}},"loc":{"start":{"line":13,"column":16},"end":{"line":16,"column":3}},"line":13},"2":{"name":"(anonymous_2)","decl":{"start":{"line":19,"column":2},"end":{"line":19,"column":3}},"loc":{"start":{"line":19,"column":21},"end":{"line":22,"column":3}},"line":19},"3":{"name":"(anonymous_3)","decl":{"start":{"line":27,"column":2},"end":{"line":27,"column":3}},"loc":{"start":{"line":27,"column":24},"end":{"line":38,"column":3}},"line":27},"4":{"name":"(anonymous_4)","decl":{"start":{"line":41,"column":2},"end":{"line":41,"column":3}},"loc":{"start":{"line":41,"column":49},"end":{"line":48,"column":3}},"line":41},"5":{"name":"(anonymous_5)","decl":{"start":{"line":51,"column":2},"end":{"line":51,"column":3}},"loc":{"start":{"line":51,"column":49},"end":{"line":58,"column":3}},"line":51},"6":{"name":"(anonymous_6)","decl":{"start":{"line":61,"column":2},"end":{"line":61,"column":3}},"loc":{"start":{"line":61,"column":30},"end":{"line":72,"column":3}},"line":61},"7":{"name":"(anonymous_7)","decl":{"start":{"line":75,"column":2},"end":{"line":75,"column":3}},"loc":{"start":{"line":75,"column":10},"end":{"line":84,"column":3}},"line":75},"8":{"name":"(anonymous_8)","decl":{"start":{"line":88,"column":24},"end":{"line":88,"column":25}},"loc":{"start":{"line":88,"column":44},"end":{"line":94,"column":1}},"line":88}},"branchMap":{"0":{"loc":{"start":{"line":28,"column":4},"end":{"line":30,"column":5}},"type":"if","locations":[{"start":{"line":28,"column":4},"end":{"line":30,"column":5}},{"start":{},"end":{}}],"line":28},"1":{"loc":{"start":{"line":28,"column":8},"end":{"line":28,"column":41}},"type":"binary-expr","locations":[{"start":{"line":28,"column":8},"end":{"line":28,"column":17}},{"start":{"line":28,"column":21},"end":{"line":28,"column":41}}],"line":28},"2":{"loc":{"start":{"line":62,"column":4},"end":{"line":71,"column":5}},"type":"if","locations":[{"start":{"line":62,"column":4},"end":{"line":71,"column":5}},{"start":{"line":64,"column":11},"end":{"line":71,"column":5}}],"line":62},"3":{"loc":{"start":{"line":62,"column":8},"end":{"line":62,"column":41}},"type":"binary-expr","locations":[{"start":{"line":62,"column":8},"end":{"line":62,"column":17}},{"start":{"line":62,"column":21},"end":{"line":62,"column":41}}],"line":62},"4":{"loc":{"start":{"line":64,"column":11},"end":{"line":71,"column":5}},"type":"if","locations":[{"start":{"line":64,"column":11},"end":{"line":71,"column":5}},{"start":{"line":66,"column":11},"end":{"line":71,"column":5}}],"line":64}},"s":{"0":24,"1":24,"2":9,"3":9,"4":23,"5":23,"6":5,"7":2,"8":3,"9":3,"10":3,"11":4,"12":3,"13":1,"14":1,"15":1,"16":1,"17":1,"18":1,"19":1,"20":1,"21":1,"22":1,"23":4,"24":2,"25":2,"26":1,"27":1,"28":1,"29":1,"30":1,"31":0,"32":0,"33":0,"34":0,"35":0,"36":0,"37":1,"38":8,"39":8,"40":8,"41":20,"42":8,"43":1},"f":{"0":24,"1":9,"2":23,"3":5,"4":1,"5":1,"6":4,"7":0,"8":8},"b":{"0":[2,3],"1":[5,4],"2":[2,2],"3":[4,2],"4":[1,1]},"_coverageSchema":"1a1c01bbd47fc00a2c39e90264f33305004495a9","hash":"8acef44486132da4c3724b354d530267b4b81e08"}
}
