TN:
SF:linked-lists/linkedList.js
FN:3,(anonymous_0)
FN:13,(anonymous_1)
FN:19,(anonymous_2)
FN:27,(anonymous_3)
FN:41,(anonymous_4)
FN:51,(anonymous_5)
FN:61,(anonymous_6)
FN:75,(anonymous_7)
FN:88,(anonymous_8)
FNF:9
FNH:8
FNDA:24,(anonymous_0)
FNDA:9,(anonymous_1)
FNDA:23,(anonymous_2)
FNDA:5,(anonymous_3)
FNDA:1,(anonymous_4)
FNDA:1,(anonymous_5)
FNDA:4,(anonymous_6)
FNDA:0,(anonymous_7)
FNDA:8,(anonymous_8)
DA:4,24
DA:5,24
DA:14,9
DA:15,9
DA:20,23
DA:21,23
DA:28,5
DA:29,2
DA:32,3
DA:33,3
DA:34,4
DA:37,3
DA:42,1
DA:43,1
DA:44,1
DA:47,1
DA:52,1
DA:53,1
DA:54,1
DA:57,1
DA:62,4
DA:63,2
DA:64,2
DA:65,1
DA:67,1
DA:68,1
DA:69,1
DA:70,1
DA:76,0
DA:77,0
DA:79,0
DA:80,0
DA:81,0
DA:83,0
DA:88,1
DA:89,8
DA:90,8
DA:91,20
DA:93,8
DA:96,1
LF:40
LH:34
BRDA:28,0,0,2
BRDA:28,0,1,3
BRDA:28,1,0,5
BRDA:28,1,1,4
BRDA:62,2,0,2
BRDA:62,2,1,2
BRDA:62,3,0,4
BRDA:62,3,1,2
BRDA:64,4,0,1
BRDA:64,4,1,1
BRF:10
BRH:10
end_of_record
